Performing C SOURCE FILE Test CMAKE_HAVE_LIBC_PTHREAD failed with the following output:
Change Dir: /home/carter/Documents/Projects/rust-keyviewer/keyviewer/target/debug/build/raylib-sys-a5e46664beb20dc3/out/build/CMakeFiles/CMakeTmp

Run Build Command(s):/usr/bin/make cmTC_b88f8/fast && /usr/bin/make -f CMakeFiles/cmTC_b88f8.dir/build.make CMakeFiles/cmTC_b88f8.dir/build
make[1]: Entering directory '/home/carter/Documents/Projects/rust-keyviewer/keyviewer/target/debug/build/raylib-sys-a5e46664beb20dc3/out/build/CMakeFiles/CMakeTmp'
Building C object CMakeFiles/cmTC_b88f8.dir/src.c.o
/usr/bin/cc   -fno-strict-aliasing -Werror=implicit-function-declaration -Werror=pointer-arith  -ffunction-sections -fdata-sections -fPIC -m64 -DCMAKE_HAVE_LIBC_PTHREAD   -o CMakeFiles/cmTC_b88f8.dir/src.c.o   -c /home/carter/Documents/Projects/rust-keyviewer/keyviewer/target/debug/build/raylib-sys-a5e46664beb20dc3/out/build/CMakeFiles/CMakeTmp/src.c
Linking C executable cmTC_b88f8
/usr/bin/cmake -E cmake_link_script CMakeFiles/cmTC_b88f8.dir/link.txt --verbose=1
/usr/bin/cc -fno-strict-aliasing -Werror=implicit-function-declaration -Werror=pointer-arith  -ffunction-sections -fdata-sections -fPIC -m64 -DCMAKE_HAVE_LIBC_PTHREAD    -rdynamic CMakeFiles/cmTC_b88f8.dir/src.c.o  -o cmTC_b88f8 
/usr/bin/ld: CMakeFiles/cmTC_b88f8.dir/src.c.o: in function `main':
src.c:(.text.main+0x34): undefined reference to `pthread_create'
/usr/bin/ld: src.c:(.text.main+0x40): undefined reference to `pthread_detach'
/usr/bin/ld: src.c:(.text.main+0x51): undefined reference to `pthread_join'
collect2: error: ld returned 1 exit status
make[1]: *** [CMakeFiles/cmTC_b88f8.dir/build.make:87: cmTC_b88f8] Error 1
make[1]: Leaving directory '/home/carter/Documents/Projects/rust-keyviewer/keyviewer/target/debug/build/raylib-sys-a5e46664beb20dc3/out/build/CMakeFiles/CMakeTmp'
make: *** [Makefile:121: cmTC_b88f8/fast] Error 2


Source file was:
#include <pthread.h>

void* test_func(void* data)
{
  return data;
}

int main(void)
{
  pthread_t thread;
  pthread_create(&thread, NULL, test_func, NULL);
  pthread_detach(thread);
  pthread_join(thread, NULL);
  pthread_atfork(NULL, NULL, NULL);
  pthread_exit(NULL);

  return 0;
}

Determining if the function pthread_create exists in the pthreads failed with the following output:
Change Dir: /home/carter/Documents/Projects/rust-keyviewer/keyviewer/target/debug/build/raylib-sys-a5e46664beb20dc3/out/build/CMakeFiles/CMakeTmp

Run Build Command(s):/usr/bin/make cmTC_9663b/fast && /usr/bin/make -f CMakeFiles/cmTC_9663b.dir/build.make CMakeFiles/cmTC_9663b.dir/build
make[1]: Entering directory '/home/carter/Documents/Projects/rust-keyviewer/keyviewer/target/debug/build/raylib-sys-a5e46664beb20dc3/out/build/CMakeFiles/CMakeTmp'
Building C object CMakeFiles/cmTC_9663b.dir/CheckFunctionExists.c.o
/usr/bin/cc   -fno-strict-aliasing -Werror=implicit-function-declaration -Werror=pointer-arith  -ffunction-sections -fdata-sections -fPIC -m64 -DCHECK_FUNCTION_EXISTS=pthread_create   -std=gnu99 -o CMakeFiles/cmTC_9663b.dir/CheckFunctionExists.c.o   -c /usr/share/cmake-3.16/Modules/CheckFunctionExists.c
Linking C executable cmTC_9663b
/usr/bin/cmake -E cmake_link_script CMakeFiles/cmTC_9663b.dir/link.txt --verbose=1
/usr/bin/cc -fno-strict-aliasing -Werror=implicit-function-declaration -Werror=pointer-arith  -ffunction-sections -fdata-sections -fPIC -m64 -DCHECK_FUNCTION_EXISTS=pthread_create    CMakeFiles/cmTC_9663b.dir/CheckFunctionExists.c.o  -o cmTC_9663b  -lpthreads 
/usr/bin/ld: cannot find -lpthreads
collect2: error: ld returned 1 exit status
make[1]: *** [CMakeFiles/cmTC_9663b.dir/build.make:87: cmTC_9663b] Error 1
make[1]: Leaving directory '/home/carter/Documents/Projects/rust-keyviewer/keyviewer/target/debug/build/raylib-sys-a5e46664beb20dc3/out/build/CMakeFiles/CMakeTmp'
make: *** [Makefile:121: cmTC_9663b/fast] Error 2



